{
"contracts/DEX.sol":{"l":{"31":93,"32":93,"33":93,"44":23,"46":21,"47":21,"49":21,"50":21,"51":19,"53":2,"59":21,"61":21,"62":21,"63":21,"65":21,"75":6,"76":5,"78":5,"79":5,"81":5,"82":4,"83":4,"85":4,"86":4,"88":4,"98":7,"99":6,"101":5,"102":5,"104":5,"105":5,"107":5,"117":1,"118":1,"120":1,"121":1,"123":1,"124":1,"126":1,"134":1,"135":0,"144":0,"156":8,"157":7,"158":7,"159":7,"160":7,"167":19,"168":19,"169":19,"170":19,"171":1280,"172":1280,"175":0,"183":2},"path":"/app/contracts/DEX.sol","s":{"1":93,"2":23,"3":21,"4":21,"5":21,"6":21,"7":21,"8":21,"9":21,"10":6,"11":5,"12":5,"13":4,"14":4,"15":4,"16":7,"17":5,"18":5,"19":5,"20":1,"21":1,"22":1,"23":1,"24":1,"25":0,"26":0,"27":8,"28":7,"29":7,"30":7,"31":7,"32":19,"33":19,"34":19,"35":0,"36":2},"b":{"1":[93,0],"2":[23,0],"3":[21,2],"4":[19,2],"5":[21,0],"6":[6,0],"7":[5,1],"8":[7,0],"9":[6,1],"10":[1,0],"11":[1,0],"12":[0,1],"13":[7,1],"14":[19,0],"15":[0,0],"16":[1,1]},"f":{"1":93,"2":23,"3":6,"4":7,"5":1,"6":1,"7":0,"8":8,"9":19,"10":2},"fnMap":{"1":{"name":"constructor","line":30,"loc":{"start":{"line":30,"column":4},"end":{"line":34,"column":4}}},"2":{"name":"addLiquidity","line":43,"loc":{"start":{"line":43,"column":4},"end":{"line":66,"column":4}}},"3":{"name":"removeLiquidity","line":74,"loc":{"start":{"line":74,"column":4},"end":{"line":89,"column":4}}},"4":{"name":"swapAforB","line":97,"loc":{"start":{"line":97,"column":4},"end":{"line":108,"column":4}}},"5":{"name":"swapBforA","line":116,"loc":{"start":{"line":116,"column":4},"end":{"line":127,"column":4}}},"6":{"name":"getPrice","line":133,"loc":{"start":{"line":133,"column":4},"end":{"line":136,"column":4}}},"7":{"name":"getReserves","line":143,"loc":{"start":{"line":143,"column":4},"end":{"line":145,"column":4}}},"8":{"name":"getAmountOut","line":155,"loc":{"start":{"line":155,"column":4},"end":{"line":161,"column":4}}},"9":{"name":"sqrt","line":166,"loc":{"start":{"line":166,"column":4},"end":{"line":177,"column":4}}},"10":{"name":"min","line":182,"loc":{"start":{"line":182,"column":4},"end":{"line":184,"column":4}}}},"statementMap":{"1":{"start":{"line":31,"column":8},"end":{"line":31,"column":83}},"2":{"start":{"line":44,"column":8},"end":{"line":44,"column":58}},"3":{"start":{"line":46,"column":8},"end":{"line":46,"column":70}},"4":{"start":{"line":47,"column":8},"end":{"line":47,"column":70}},"5":{"start":{"line":49,"column":8},"end":{"line":49,"column":47}},"6":{"start":{"line":50,"column":8},"end":{"line":50,"column":2181}},"7":{"start":{"line":59,"column":8},"end":{"line":59,"column":68}},"8":{"start":{"line":63,"column":8},"end":{"line":63,"column":41}},"9":{"start":{"line":65,"column":8},"end":{"line":65,"column":74}},"10":{"start":{"line":75,"column":8},"end":{"line":75,"column":53}},"11":{"start":{"line":76,"column":8},"end":{"line":76,"column":47}},"12":{"start":{"line":81,"column":8},"end":{"line":81,"column":41}},"13":{"start":{"line":85,"column":8},"end":{"line":85,"column":51}},"14":{"start":{"line":86,"column":8},"end":{"line":86,"column":51}},"15":{"start":{"line":88,"column":8},"end":{"line":88,"column":76}},"16":{"start":{"line":98,"column":8},"end":{"line":98,"column":43}},"17":{"start":{"line":101,"column":8},"end":{"line":101,"column":72}},"18":{"start":{"line":102,"column":8},"end":{"line":102,"column":54}},"19":{"start":{"line":107,"column":8},"end":{"line":107,"column":68}},"20":{"start":{"line":117,"column":8},"end":{"line":117,"column":43}},"21":{"start":{"line":120,"column":8},"end":{"line":120,"column":72}},"22":{"start":{"line":121,"column":8},"end":{"line":121,"column":54}},"23":{"start":{"line":126,"column":8},"end":{"line":126,"column":68}},"24":{"start":{"line":134,"column":8},"end":{"line":134,"column":42}},"25":{"start":{"line":135,"column":8},"end":{"line":135,"column":43}},"26":{"start":{"line":144,"column":8},"end":{"line":144,"column":35}},"27":{"start":{"line":156,"column":8},"end":{"line":156,"column":69}},"28":{"start":{"line":157,"column":8},"end":{"line":157,"column":48}},"29":{"start":{"line":158,"column":8},"end":{"line":158,"column":57}},"30":{"start":{"line":159,"column":8},"end":{"line":159,"column":67}},"31":{"start":{"line":160,"column":8},"end":{"line":160,"column":38}},"32":{"start":{"line":167,"column":8},"end":{"line":167,"column":6613}},"33":{"start":{"line":169,"column":12},"end":{"line":169,"column":33}},"34":{"start":{"line":170,"column":12},"end":{"line":170,"column":6699}},"35":{"start":{"line":174,"column":15},"end":{"line":174,"column":6804}},"36":{"start":{"line":183,"column":8},"end":{"line":183,"column":28}}},"branchMap":{"1":{"line":31,"type":"if","locations":[{"start":{"line":31,"column":8},"end":{"line":31,"column":8}},{"start":{"line":31,"column":8},"end":{"line":31,"column":8}}]},"2":{"line":43,"type":"if","locations":[{"start":{"line":43,"column":69},"end":{"line":43,"column":69}},{"start":{"line":43,"column":69},"end":{"line":43,"column":69}}]},"3":{"line":44,"type":"if","locations":[{"start":{"line":44,"column":8},"end":{"line":44,"column":8}},{"start":{"line":44,"column":8},"end":{"line":44,"column":8}}]},"4":{"line":50,"type":"if","locations":[{"start":{"line":50,"column":8},"end":{"line":50,"column":8}},{"start":{"line":50,"column":8},"end":{"line":50,"column":8}}]},"5":{"line":59,"type":"if","locations":[{"start":{"line":59,"column":8},"end":{"line":59,"column":8}},{"start":{"line":59,"column":8},"end":{"line":59,"column":8}}]},"6":{"line":74,"type":"if","locations":[{"start":{"line":74,"column":63},"end":{"line":74,"column":63}},{"start":{"line":74,"column":63},"end":{"line":74,"column":63}}]},"7":{"line":75,"type":"if","locations":[{"start":{"line":75,"column":8},"end":{"line":75,"column":8}},{"start":{"line":75,"column":8},"end":{"line":75,"column":8}}]},"8":{"line":97,"type":"if","locations":[{"start":{"line":97,"column":51},"end":{"line":97,"column":51}},{"start":{"line":97,"column":51},"end":{"line":97,"column":51}}]},"9":{"line":98,"type":"if","locations":[{"start":{"line":98,"column":8},"end":{"line":98,"column":8}},{"start":{"line":98,"column":8},"end":{"line":98,"column":8}}]},"10":{"line":116,"type":"if","locations":[{"start":{"line":116,"column":51},"end":{"line":116,"column":51}},{"start":{"line":116,"column":51},"end":{"line":116,"column":51}}]},"11":{"line":117,"type":"if","locations":[{"start":{"line":117,"column":8},"end":{"line":117,"column":8}},{"start":{"line":117,"column":8},"end":{"line":117,"column":8}}]},"12":{"line":134,"type":"if","locations":[{"start":{"line":134,"column":8},"end":{"line":134,"column":8}},{"start":{"line":134,"column":8},"end":{"line":134,"column":8}}]},"13":{"line":156,"type":"if","locations":[{"start":{"line":156,"column":8},"end":{"line":156,"column":8}},{"start":{"line":156,"column":8},"end":{"line":156,"column":8}}]},"14":{"line":167,"type":"if","locations":[{"start":{"line":167,"column":8},"end":{"line":167,"column":8}},{"start":{"line":167,"column":8},"end":{"line":167,"column":8}}]},"15":{"line":174,"type":"if","locations":[{"start":{"line":174,"column":15},"end":{"line":174,"column":15}},{"start":{"line":174,"column":15},"end":{"line":174,"column":15}}]},"16":{"line":183,"type":"if","locations":[{"start":{"line":183,"column":23},"end":{"line":183,"column":23}},{"start":{"line":183,"column":27},"end":{"line":183,"column":27}}]}}},
"contracts/MockERC20.sol":{"l":{"8":186,"13":0},"path":"/app/contracts/MockERC20.sol","s":{"1":186,"2":0},"b":{},"f":{"1":186,"2":0},"fnMap":{"1":{"name":"constructor","line":7,"loc":{"start":{"line":7,"column":4},"end":{"line":9,"column":4}}},"2":{"name":"mint","line":12,"loc":{"start":{"line":12,"column":4},"end":{"line":14,"column":4}}}},"statementMap":{"1":{"start":{"line":8,"column":8},"end":{"line":8,"column":42}},"2":{"start":{"line":13,"column":8},"end":{"line":13,"column":24}}},"branchMap":{}}}
