{
"contracts\\DEX.sol":{"l":{"23":0,"24":0,"31":0,"33":0,"35":0,"39":0,"41":0,"45":0,"46":0,"49":0,"50":0,"51":0,"52":0,"54":0,"61":0,"65":0,"67":0,"70":0,"71":0,"72":0,"73":0,"76":0,"77":0,"79":0,"86":0,"88":0,"90":0,"91":0,"93":0,"94":0,"96":0,"103":0,"105":0,"107":0,"108":0,"110":0,"111":0,"113":0,"118":0,"120":0,"125":0,"133":0,"134":0,"138":0,"140":0,"142":0,"144":0},"path":"C:\\Users\\durga\\Documents\\partnrTasks\\dex-amm\\contracts\\DEX.sol","s":{"1":0,"2":0,"3":0,"4":0,"5":0,"6":0,"7":0,"8":0,"9":0,"10":0,"11":0,"12":0,"13":0,"14":0,"15":0,"16":0,"17":0,"18":0,"19":0,"20":0,"21":0,"22":0,"23":0,"24":0,"25":0,"26":0,"27":0},"b":{"1":[0,0],"2":[0,0],"3":[0,0],"4":[0,0],"5":[0,0],"6":[0,0],"7":[0,0],"8":[0,0],"9":[0,0]},"f":{"1":0,"2":0,"3":0,"4":0,"5":0,"6":0,"7":0,"8":0},"fnMap":{"1":{"name":"constructor","line":22,"loc":{"start":{"line":22,"column":4},"end":{"line":25,"column":4}}},"2":{"name":"addLiquidity","line":28,"loc":{"start":{"line":28,"column":4},"end":{"line":55,"column":4}}},"3":{"name":"removeLiquidity","line":58,"loc":{"start":{"line":58,"column":4},"end":{"line":80,"column":4}}},"4":{"name":"swapAForB","line":83,"loc":{"start":{"line":83,"column":4},"end":{"line":97,"column":4}}},"5":{"name":"swapBForA","line":100,"loc":{"start":{"line":100,"column":4},"end":{"line":114,"column":4}}},"6":{"name":"getPrice","line":117,"loc":{"start":{"line":117,"column":4},"end":{"line":121,"column":4}}},"7":{"name":"getReserves","line":124,"loc":{"start":{"line":124,"column":4},"end":{"line":126,"column":4}}},"8":{"name":"getAmountOut","line":129,"loc":{"start":{"line":129,"column":4},"end":{"line":145,"column":4}}}},"statementMap":{"1":{"start":{"line":31,"column":8},"end":{"line":31,"column":76}},"2":{"start":{"line":33,"column":8},"end":{"line":33,"column":1250}},"3":{"start":{"line":39,"column":12},"end":{"line":39,"column":91}},"4":{"start":{"line":45,"column":8},"end":{"line":45,"column":70}},"5":{"start":{"line":46,"column":8},"end":{"line":46,"column":70}},"6":{"start":{"line":54,"column":8},"end":{"line":54,"column":74}},"7":{"start":{"line":61,"column":8},"end":{"line":61,"column":82}},"8":{"start":{"line":76,"column":8},"end":{"line":76,"column":51}},"9":{"start":{"line":77,"column":8},"end":{"line":77,"column":51}},"10":{"start":{"line":79,"column":8},"end":{"line":79,"column":76}},"11":{"start":{"line":86,"column":8},"end":{"line":86,"column":62}},"12":{"start":{"line":90,"column":8},"end":{"line":90,"column":72}},"13":{"start":{"line":91,"column":8},"end":{"line":91,"column":54}},"14":{"start":{"line":96,"column":8},"end":{"line":96,"column":68}},"15":{"start":{"line":103,"column":8},"end":{"line":103,"column":62}},"16":{"start":{"line":107,"column":8},"end":{"line":107,"column":72}},"17":{"start":{"line":108,"column":8},"end":{"line":108,"column":54}},"18":{"start":{"line":113,"column":8},"end":{"line":113,"column":68}},"19":{"start":{"line":118,"column":8},"end":{"line":118,"column":45}},"20":{"start":{"line":120,"column":8},"end":{"line":120,"column":34}},"21":{"start":{"line":125,"column":8},"end":{"line":125,"column":35}},"22":{"start":{"line":133,"column":8},"end":{"line":133,"column":57}},"23":{"start":{"line":134,"column":8},"end":{"line":134,"column":73}},"24":{"start":{"line":138,"column":8},"end":{"line":138,"column":48}},"25":{"start":{"line":140,"column":8},"end":{"line":140,"column":56}},"26":{"start":{"line":142,"column":8},"end":{"line":142,"column":66}},"27":{"start":{"line":144,"column":8},"end":{"line":144,"column":38}}},"branchMap":{"1":{"line":31,"type":"if","locations":[{"start":{"line":31,"column":8},"end":{"line":31,"column":8}},{"start":{"line":31,"column":8},"end":{"line":31,"column":8}}]},"2":{"line":33,"type":"if","locations":[{"start":{"line":33,"column":8},"end":{"line":33,"column":8}},{"start":{"line":33,"column":8},"end":{"line":33,"column":8}}]},"3":{"line":39,"type":"if","locations":[{"start":{"line":39,"column":12},"end":{"line":39,"column":12}},{"start":{"line":39,"column":12},"end":{"line":39,"column":12}}]},"4":{"line":61,"type":"if","locations":[{"start":{"line":61,"column":8},"end":{"line":61,"column":8}},{"start":{"line":61,"column":8},"end":{"line":61,"column":8}}]},"5":{"line":86,"type":"if","locations":[{"start":{"line":86,"column":8},"end":{"line":86,"column":8}},{"start":{"line":86,"column":8},"end":{"line":86,"column":8}}]},"6":{"line":103,"type":"if","locations":[{"start":{"line":103,"column":8},"end":{"line":103,"column":8}},{"start":{"line":103,"column":8},"end":{"line":103,"column":8}}]},"7":{"line":118,"type":"if","locations":[{"start":{"line":118,"column":8},"end":{"line":118,"column":8}},{"start":{"line":118,"column":8},"end":{"line":118,"column":8}}]},"8":{"line":133,"type":"if","locations":[{"start":{"line":133,"column":8},"end":{"line":133,"column":8}},{"start":{"line":133,"column":8},"end":{"line":133,"column":8}}]},"9":{"line":134,"type":"if","locations":[{"start":{"line":134,"column":8},"end":{"line":134,"column":8}},{"start":{"line":134,"column":8},"end":{"line":134,"column":8}}]}}},
"contracts\\MockERC20.sol":{"l":{"18":0,"28":0},"path":"C:\\Users\\durga\\Documents\\partnrTasks\\dex-amm\\contracts\\MockERC20.sol","s":{"1":0,"2":0},"b":{},"f":{"1":0,"2":0},"fnMap":{"1":{"name":"constructor","line":16,"loc":{"start":{"line":16,"column":4},"end":{"line":19,"column":4}}},"2":{"name":"mint","line":27,"loc":{"start":{"line":27,"column":4},"end":{"line":29,"column":4}}}},"statementMap":{"1":{"start":{"line":18,"column":8},"end":{"line":18,"column":42}},"2":{"start":{"line":28,"column":8},"end":{"line":28,"column":24}}},"branchMap":{}}}
