TN:
SF:C:\Users\durga\Documents\partnrTasks\dex-amm\contracts\DEX.sol
FN:22,constructor
FN:28,addLiquidity
FN:58,removeLiquidity
FN:83,swapAForB
FN:100,swapBForA
FN:117,getPrice
FN:124,getReserves
FN:129,getAmountOut
FNF:8
FNH:0
FNDA:0,constructor
FNDA:0,addLiquidity
FNDA:0,removeLiquidity
FNDA:0,swapAForB
FNDA:0,swapBForA
FNDA:0,getPrice
FNDA:0,getReserves
FNDA:0,getAmountOut
DA:23,0
DA:24,0
DA:31,0
DA:33,0
DA:35,0
DA:39,0
DA:41,0
DA:45,0
DA:46,0
DA:49,0
DA:50,0
DA:51,0
DA:52,0
DA:54,0
DA:61,0
DA:65,0
DA:67,0
DA:70,0
DA:71,0
DA:72,0
DA:73,0
DA:76,0
DA:77,0
DA:79,0
DA:86,0
DA:88,0
DA:90,0
DA:91,0
DA:93,0
DA:94,0
DA:96,0
DA:103,0
DA:105,0
DA:107,0
DA:108,0
DA:110,0
DA:111,0
DA:113,0
DA:118,0
DA:120,0
DA:125,0
DA:133,0
DA:134,0
DA:138,0
DA:140,0
DA:142,0
DA:144,0
LF:47
LH:0
BRDA:31,1,0,0
BRDA:31,1,1,0
BRDA:33,2,0,0
BRDA:33,2,1,0
BRDA:39,3,0,0
BRDA:39,3,1,0
BRDA:61,4,0,0
BRDA:61,4,1,0
BRDA:86,5,0,0
BRDA:86,5,1,0
BRDA:103,6,0,0
BRDA:103,6,1,0
BRDA:118,7,0,0
BRDA:118,7,1,0
BRDA:133,8,0,0
BRDA:133,8,1,0
BRDA:134,9,0,0
BRDA:134,9,1,0
BRF:18
BRH:0
end_of_record
TN:
SF:C:\Users\durga\Documents\partnrTasks\dex-amm\contracts\MockERC20.sol
FN:16,constructor
FN:27,mint
FNF:2
FNH:0
FNDA:0,constructor
FNDA:0,mint
DA:18,0
DA:28,0
LF:2
LH:0
BRF:0
BRH:0
end_of_record
