TN:
SF:/app/contracts/DEX.sol
FN:30,constructor
FN:43,addLiquidity
FN:74,removeLiquidity
FN:97,swapAforB
FN:116,swapBforA
FN:133,getPrice
FN:143,getReserves
FN:155,getAmountOut
FN:166,sqrt
FN:182,min
FNF:10
FNH:9
FNDA:93,constructor
FNDA:23,addLiquidity
FNDA:6,removeLiquidity
FNDA:7,swapAforB
FNDA:1,swapBforA
FNDA:1,getPrice
FNDA:0,getReserves
FNDA:8,getAmountOut
FNDA:19,sqrt
FNDA:2,min
DA:31,93
DA:32,93
DA:33,93
DA:44,23
DA:46,21
DA:47,21
DA:49,21
DA:50,21
DA:51,19
DA:53,2
DA:59,21
DA:61,21
DA:62,21
DA:63,21
DA:65,21
DA:75,6
DA:76,5
DA:78,5
DA:79,5
DA:81,5
DA:82,4
DA:83,4
DA:85,4
DA:86,4
DA:88,4
DA:98,7
DA:99,6
DA:101,5
DA:102,5
DA:104,5
DA:105,5
DA:107,5
DA:117,1
DA:118,1
DA:120,1
DA:121,1
DA:123,1
DA:124,1
DA:126,1
DA:134,1
DA:135,0
DA:144,0
DA:156,8
DA:157,7
DA:158,7
DA:159,7
DA:160,7
DA:167,19
DA:168,19
DA:169,19
DA:170,19
DA:171,1280
DA:172,1280
DA:175,0
DA:183,2
LF:55
LH:52
BRDA:31,1,0,93
BRDA:31,1,1,0
BRDA:43,2,0,23
BRDA:43,2,1,0
BRDA:44,3,0,21
BRDA:44,3,1,2
BRDA:50,4,0,19
BRDA:50,4,1,2
BRDA:59,5,0,21
BRDA:59,5,1,0
BRDA:74,6,0,6
BRDA:74,6,1,0
BRDA:75,7,0,5
BRDA:75,7,1,1
BRDA:97,8,0,7
BRDA:97,8,1,0
BRDA:98,9,0,6
BRDA:98,9,1,1
BRDA:116,10,0,1
BRDA:116,10,1,0
BRDA:117,11,0,1
BRDA:117,11,1,0
BRDA:134,12,0,0
BRDA:134,12,1,1
BRDA:156,13,0,7
BRDA:156,13,1,1
BRDA:167,14,0,19
BRDA:167,14,1,0
BRDA:174,15,0,0
BRDA:174,15,1,0
BRDA:183,16,0,1
BRDA:183,16,1,1
BRF:32
BRH:21
end_of_record
TN:
SF:/app/contracts/MockERC20.sol
FN:7,constructor
FN:12,mint
FNF:2
FNH:1
FNDA:186,constructor
FNDA:0,mint
DA:8,186
DA:13,0
LF:2
LH:1
BRF:0
BRH:0
end_of_record
